Microsoft (R) Macro Assembler Version 14.00.23918.0	    05/25/16 16:08:17
tmp.asm							     Page 1 - 1


					.model	flat
					.XMM
					PUBLIC	_main
					EXTRN	_printf:PROC
					EXTRN	_scanf:PROC
					EXTRN	_CheckEbx:PROC
					
 00000000			_TEXT SEGMENT
 =-00000004				_stcbrd$ = -4
 =-00000008				_a$ = -8
 00000000			_main PROC
					
					mov		DWORD PTR [_a$], [_stcbrd$]
tmp.asm(13) : error A2001:immediate operand not allowed
 00000000  66| 0F 2F E5			comisd	xmm4, xmm5

 00000004			_main ENDP
 00000004			_TEXT ENDS
				END
Microsoft (R) Macro Assembler Version 14.00.23918.0	    05/25/16 16:08:17
tmp.asm							     Symbols 2 - 1




Segments and Groups:

                N a m e                 Size     Length   Align   Combine Class

FLAT . . . . . . . . . . . . . .	GROUP
_DATA  . . . . . . . . . . . . .	32 Bit	 00000000 Para	  Public  'DATA'	
_TEXT  . . . . . . . . . . . . .	32 Bit	 00000004 Para	  Public  'CODE'	


Procedures, parameters, and locals:

                N a m e                 Type     Value    Attr

_main  . . . . . . . . . . . . .	P Near	 00000000 _TEXT	Length= 00000004 Public


Symbols:

                N a m e                 Type     Value    Attr

@CodeSize  . . . . . . . . . . .	Number	 00000000h   
@DataSize  . . . . . . . . . . .	Number	 00000000h   
@Interface . . . . . . . . . . .	Number	 00000000h   
@Model . . . . . . . . . . . . .	Number	 00000007h   
@code  . . . . . . . . . . . . .	Text   	 _TEXT
@data  . . . . . . . . . . . . .	Text   	 FLAT
@fardata?  . . . . . . . . . . .	Text   	 FLAT
@fardata . . . . . . . . . . . .	Text   	 FLAT
@stack . . . . . . . . . . . . .	Text   	 FLAT
_CheckEbx  . . . . . . . . . . .	L Near	 00000000 FLAT	External
_a$  . . . . . . . . . . . . . .	Number	 -00000008h   
_printf  . . . . . . . . . . . .	L Near	 00000000 FLAT	External
_scanf . . . . . . . . . . . . .	L Near	 00000000 FLAT	External
_stcbrd$ . . . . . . . . . . . .	Number	 -00000004h   

	   0 Warnings
	   1 Errors
